<?xml version="1.0" encoding="UTF-8"?>
<!-- Generated by org.testng.reporters.JUnitReportReporter -->
<testsuite hostname="Sangeetha" failures="0" tests="1" name="runner.ArrayRun" time="3.428" errors="0" timestamp="2024-09-18T15:42:44 EDT" skipped="0">
  <testcase classname="runner.ArrayRun" name="runScenario" time="3.428"/>
</testsuite> <!-- runner.ArrayRun -->
